0 info it worked if it ends with ok
1 verbose cli [ '/usr/local/Cellar/node/7.4.0/bin/node',
1 verbose cli   '/usr/local/lib/node_modules/npm/bin/npm-cli.js',
1 verbose cli   'run-script',
1 verbose cli   'dev' ]
2 info using npm@4.0.5
3 info using node@v7.4.0
4 verbose run-script [ 'predev', 'dev', 'postdev' ]
5 info lifecycle digital-spectr-html-markup@0.0.1~predev: digital-spectr-html-markup@0.0.1
6 warn lifecycle npm is using /usr/local/Cellar/node/7.4.0/bin/node but there is no node binary in the current PATH. Use the `--scripts-prepend-node-path` option to include the path for the node binary npm was executed with.
7 silly lifecycle digital-spectr-html-markup@0.0.1~predev: no script for predev, continuing
8 info lifecycle digital-spectr-html-markup@0.0.1~dev: digital-spectr-html-markup@0.0.1
9 verbose lifecycle digital-spectr-html-markup@0.0.1~dev: unsafe-perm in lifecycle true
10 verbose lifecycle digital-spectr-html-markup@0.0.1~dev: PATH: /usr/local/lib/node_modules/npm/bin/node-gyp-bin:/Volumes/WORK/zak/cikarev/RK/app/node_modules/.bin:/usr/bin:/bin:/usr/sbin:/sbin
11 verbose lifecycle digital-spectr-html-markup@0.0.1~dev: CWD: /Volumes/WORK/zak/cikarev/RK/app
12 silly lifecycle digital-spectr-html-markup@0.0.1~dev: Args: [ '-c', 'gulp default' ]
13 info lifecycle digital-spectr-html-markup@0.0.1~dev: Failed to exec dev script
14 verbose stack Error: digital-spectr-html-markup@0.0.1 dev: `gulp default`
14 verbose stack spawn ENOENT
14 verbose stack     at ChildProcess.<anonymous> (/usr/local/lib/node_modules/npm/lib/utils/spawn.js:33:16)
14 verbose stack     at emitTwo (events.js:106:13)
14 verbose stack     at ChildProcess.emit (events.js:191:7)
14 verbose stack     at maybeClose (internal/child_process.js:885:16)
14 verbose stack     at Process.ChildProcess._handle.onexit (internal/child_process.js:226:5)
15 verbose pkgid digital-spectr-html-markup@0.0.1
16 verbose cwd /Volumes/WORK/zak/cikarev/RK/app
17 error Darwin 15.6.0
18 error argv "/usr/local/Cellar/node/7.4.0/bin/node" "/usr/local/lib/node_modules/npm/bin/npm-cli.js" "run-script" "dev"
19 error node v7.4.0
20 error npm  v4.0.5
21 error file sh
22 error code ELIFECYCLE
23 error errno ENOENT
24 error syscall spawn
25 error digital-spectr-html-markup@0.0.1 dev: `gulp default`
25 error spawn ENOENT
26 error Failed at the digital-spectr-html-markup@0.0.1 dev script 'gulp default'.
26 error Make sure you have the latest version of node.js and npm installed.
26 error If you do, this is most likely a problem with the digital-spectr-html-markup package,
26 error not with npm itself.
26 error Tell the author that this fails on your system:
26 error     gulp default
26 error You can get information on how to open an issue for this project with:
26 error     npm bugs digital-spectr-html-markup
26 error Or if that isn't available, you can get their info via:
26 error     npm owner ls digital-spectr-html-markup
26 error There is likely additional logging output above.
27 verbose exit [ 1, true ]
